TN:
SF:D:\LABORATORIA\PROYECTO_MARKDOWN\src\index.js
FN:7,(anonymous_0)
FN:8,(anonymous_1)
FN:9,(anonymous_2)
FN:13,(anonymous_3)
FN:14,(anonymous_4)
FN:16,(anonymous_5)
FNF:6
FNH:6
FNDA:8,(anonymous_0)
FNDA:8,(anonymous_1)
FNDA:8,(anonymous_2)
FNDA:7,(anonymous_3)
FNDA:4,(anonymous_4)
FNDA:3,(anonymous_5)
DA:3,1
DA:7,1
DA:8,8
DA:9,8
DA:10,8
DA:11,1
DA:13,7
DA:14,7
DA:15,4
DA:17,3
DA:23,8
DA:25,1
LF:12
LH:12
BRDA:10,0,0,1
BRDA:10,0,1,7
BRF:2
BRH:2
end_of_record
TN:
SF:D:\LABORATORIA\PROYECTO_MARKDOWN\src\main.js
FN:9,(anonymous_0)
FN:18,(anonymous_1)
FN:23,(anonymous_2)
FN:28,(anonymous_3)
FN:36,(anonymous_4)
FN:38,(anonymous_5)
FN:40,(anonymous_6)
FN:42,(anonymous_7)
FN:46,(anonymous_8)
FN:49,(anonymous_9)
FN:55,(anonymous_10)
FN:61,(anonymous_11)
FN:65,(anonymous_12)
FN:67,(anonymous_13)
FN:72,(anonymous_14)
FN:76,(anonymous_15)
FN:78,(anonymous_16)
FN:86,(anonymous_17)
FN:87,(anonymous_18)
FN:90,(anonymous_19)
FN:92,(anonymous_20)
FN:93,(anonymous_21)
FN:103,(anonymous_22)
FN:108,(anonymous_23)
FN:109,(anonymous_24)
FN:110,(anonymous_25)
FNF:26
FNH:26
FNDA:7,(anonymous_0)
FNDA:2,(anonymous_1)
FNDA:14,(anonymous_2)
FNDA:12,(anonymous_3)
FNDA:2,(anonymous_4)
FNDA:6,(anonymous_5)
FNDA:2,(anonymous_6)
FNDA:4,(anonymous_7)
FNDA:4,(anonymous_8)
FNDA:4,(anonymous_9)
FNDA:4,(anonymous_10)
FNDA:2,(anonymous_11)
FNDA:2,(anonymous_12)
FNDA:4,(anonymous_13)
FNDA:4,(anonymous_14)
FNDA:1,(anonymous_15)
FNDA:3,(anonymous_16)
FNDA:39,(anonymous_17)
FNDA:39,(anonymous_18)
FNDA:11,(anonymous_19)
FNDA:11,(anonymous_20)
FNDA:24,(anonymous_21)
FNDA:7,(anonymous_22)
FNDA:4,(anonymous_23)
FNDA:4,(anonymous_24)
FNDA:7,(anonymous_25)
DA:1,1
DA:3,1
DA:5,1
DA:7,1
DA:9,1
DA:11,7
DA:12,6
DA:14,1
DA:16,7
DA:18,1
DA:19,2
DA:20,2
DA:21,2
DA:23,1
DA:24,14
DA:25,14
DA:26,14
DA:28,1
DA:29,12
DA:36,1
DA:37,2
DA:38,2
DA:39,6
DA:41,2
DA:42,2
DA:43,4
DA:45,2
DA:47,4
DA:48,2
DA:49,2
DA:50,4
DA:52,2
DA:54,2
DA:55,2
DA:56,4
DA:58,2
DA:62,2
DA:65,1
DA:66,2
DA:67,2
DA:68,4
DA:69,4
DA:70,4
DA:72,4
DA:73,2
DA:74,2
DA:76,1
DA:77,1
DA:78,1
DA:79,3
DA:80,2
DA:83,1
DA:84,1
DA:86,1
DA:87,39
DA:88,39
DA:90,1
DA:91,11
DA:92,11
DA:93,11
DA:94,24
DA:95,12
DA:96,12
DA:97,12
DA:99,24
DA:100,24
DA:104,7
DA:108,1
DA:109,4
DA:110,4
DA:111,7
DA:114,4
DA:116,1
LF:73
LH:73
BRDA:11,0,0,6
BRDA:11,0,1,1
BRDA:47,1,0,2
BRDA:47,1,1,2
BRDA:69,2,0,4
BRDA:69,2,1,0
BRDA:79,3,0,2
BRDA:79,3,1,1
BRDA:94,4,0,12
BRDA:94,4,1,12
BRDA:100,5,0,7
BRDA:100,5,1,17
BRF:12
BRH:11
end_of_record
TN:
SF:D:\LABORATORIA\PROYECTO_MARKDOWN\src\mardown.js
FN:7,(anonymous_0)
FN:12,(anonymous_1)
FN:13,(anonymous_2)
FN:14,(anonymous_3)
FN:17,(anonymous_4)
FN:18,(anonymous_5)
FN:21,(anonymous_6)
FN:28,(anonymous_7)
FN:33,(anonymous_8)
FN:38,(anonymous_9)
FN:42,(anonymous_10)
FN:43,(anonymous_11)
FN:47,(anonymous_12)
FN:58,(anonymous_13)
FN:65,(anonymous_14)
FN:71,(anonymous_15)
FN:76,(anonymous_16)
FN:81,(anonymous_17)
FN:82,(anonymous_18)
FN:83,(anonymous_19)
FN:98,(anonymous_20)
FNF:21
FNH:21
FNDA:7,(anonymous_0)
FNDA:7,(anonymous_1)
FNDA:7,(anonymous_2)
FNDA:7,(anonymous_3)
FNDA:7,(anonymous_4)
FNDA:7,(anonymous_5)
FNDA:7,(anonymous_6)
FNDA:2,(anonymous_7)
FNDA:4,(anonymous_8)
FNDA:6,(anonymous_9)
FNDA:14,(anonymous_10)
FNDA:14,(anonymous_11)
FNDA:10,(anonymous_12)
FNDA:5,(anonymous_13)
FNDA:5,(anonymous_14)
FNDA:1,(anonymous_15)
FNDA:1,(anonymous_16)
FNDA:1,(anonymous_17)
FNDA:1,(anonymous_18)
FNDA:1,(anonymous_19)
FNDA:4,(anonymous_20)
DA:3,1
DA:5,1
DA:7,1
DA:8,7
DA:12,7
DA:13,7
DA:14,7
DA:15,7
DA:17,1
DA:18,7
DA:19,7
DA:22,7
DA:23,7
DA:24,3
DA:25,3
DA:26,1
DA:28,2
DA:29,2
DA:33,4
DA:34,4
DA:39,6
DA:40,5
DA:42,5
DA:43,14
DA:44,14
DA:45,14
DA:46,14
DA:47,10
DA:48,10
DA:49,10
DA:50,10
DA:51,10
DA:52,10
DA:56,14
DA:59,5
DA:62,1
DA:66,5
DA:67,4
DA:68,1
DA:70,4
DA:71,1
DA:72,1
DA:75,4
DA:76,1
DA:77,1
DA:80,4
DA:81,1
DA:82,1
DA:83,1
DA:84,1
DA:95,1
DA:99,4
DA:103,7
DA:105,1
LF:54
LH:54
BRDA:12,0,0,5
BRDA:12,0,1,2
BRDA:13,1,0,2
BRDA:13,1,1,5
BRDA:14,2,0,1
BRDA:14,2,1,6
BRDA:14,3,0,7
BRDA:14,3,1,5
BRDA:23,4,0,3
BRDA:23,4,1,4
BRDA:25,5,0,1
BRDA:25,5,1,2
BRDA:39,6,0,5
BRDA:39,6,1,1
BRDA:44,7,0,14
BRDA:44,7,1,0
BRDA:44,8,0,14
BRDA:44,8,1,4
BRDA:46,9,0,10
BRDA:46,9,1,4
BRDA:66,10,0,4
BRDA:66,10,1,1
BRDA:67,11,0,1
BRDA:67,11,1,3
BRDA:67,12,0,4
BRDA:67,12,1,2
BRDA:70,13,0,1
BRDA:70,13,1,3
BRDA:70,14,0,4
BRDA:70,14,1,2
BRDA:75,15,0,1
BRDA:75,15,1,3
BRDA:75,16,0,4
BRDA:75,16,1,2
BRDA:80,17,0,1
BRDA:80,17,1,3
BRDA:80,18,0,4
BRDA:80,18,1,2
BRF:38
BRH:37
end_of_record
