TN:
SF:D:\LABORATORIA\PRUEVAS\PROYECTO_MARKDOWN\src\index.js
FN:5,(anonymous_0)
FN:6,(anonymous_1)
FN:7,(anonymous_2)
FN:11,(anonymous_3)
FNF:4
FNH:4
FNDA:6,(anonymous_0)
FNDA:6,(anonymous_1)
FNDA:6,(anonymous_2)
FNDA:4,(anonymous_3)
DA:3,1
DA:5,1
DA:6,6
DA:7,6
DA:8,6
DA:9,1
DA:11,5
DA:12,4
DA:17,6
DA:19,1
LF:10
LH:10
BRDA:8,0,0,1
BRDA:8,0,1,5
BRF:2
BRH:2
end_of_record
TN:
SF:D:\LABORATORIA\PRUEVAS\PROYECTO_MARKDOWN\src\main.js
FN:16,(anonymous_0)
FN:17,(anonymous_1)
FN:18,(anonymous_2)
FN:19,(anonymous_3)
FN:22,(anonymous_4)
FN:31,(anonymous_5)
FN:35,(anonymous_6)
FN:50,(anonymous_7)
FN:58,(anonymous_8)
FN:60,(anonymous_9)
FN:62,(anonymous_10)
FN:64,(anonymous_11)
FN:68,(anonymous_12)
FN:71,(anonymous_13)
FN:77,(anonymous_14)
FN:83,(anonymous_15)
FN:88,(anonymous_16)
FN:91,(anonymous_17)
FN:96,(anonymous_18)
FN:98,(anonymous_19)
FN:104,(anonymous_20)
FN:107,(anonymous_21)
FN:113,(anonymous_22)
FN:119,(anonymous_23)
FN:120,(anonymous_24)
FN:123,(anonymous_25)
FN:124,(anonymous_26)
FN:125,(anonymous_27)
FN:135,(anonymous_28)
FN:137,(anonymous_29)
FN:138,(anonymous_30)
FN:139,(anonymous_31)
FNF:32
FNH:32
FNDA:5,(anonymous_0)
FNDA:5,(anonymous_1)
FNDA:5,(anonymous_2)
FNDA:5,(anonymous_3)
FNDA:5,(anonymous_4)
FNDA:2,(anonymous_5)
FNDA:31,(anonymous_6)
FNDA:34,(anonymous_7)
FNDA:4,(anonymous_8)
FNDA:24,(anonymous_9)
FNDA:6,(anonymous_10)
FNDA:12,(anonymous_11)
FNDA:8,(anonymous_12)
FNDA:8,(anonymous_13)
FNDA:8,(anonymous_14)
FNDA:3,(anonymous_15)
FNDA:2,(anonymous_16)
FNDA:11,(anonymous_17)
FNDA:6,(anonymous_18)
FNDA:4,(anonymous_19)
FNDA:2,(anonymous_20)
FNDA:11,(anonymous_21)
FNDA:2,(anonymous_22)
FNDA:35,(anonymous_23)
FNDA:35,(anonymous_24)
FNDA:7,(anonymous_25)
FNDA:7,(anonymous_26)
FNDA:21,(anonymous_27)
FNDA:7,(anonymous_28)
FNDA:3,(anonymous_29)
FNDA:3,(anonymous_30)
FNDA:7,(anonymous_31)
DA:1,1
DA:3,1
DA:5,1
DA:7,1
DA:9,1
DA:10,1
DA:16,1
DA:17,5
DA:18,5
DA:19,5
DA:20,5
DA:22,1
DA:24,5
DA:25,4
DA:27,1
DA:29,5
DA:31,1
DA:32,2
DA:33,2
DA:35,1
DA:36,31
DA:37,31
DA:38,31
DA:50,1
DA:51,34
DA:58,1
DA:59,4
DA:60,4
DA:61,24
DA:63,6
DA:64,6
DA:65,12
DA:67,6
DA:69,8
DA:70,4
DA:71,4
DA:72,8
DA:74,4
DA:76,4
DA:77,4
DA:78,8
DA:80,4
DA:84,3
DA:88,1
DA:89,2
DA:90,2
DA:91,2
DA:92,11
DA:93,11
DA:94,11
DA:96,6
DA:97,2
DA:98,2
DA:99,4
DA:101,2
DA:104,1
DA:105,2
DA:106,2
DA:107,2
DA:108,11
DA:109,6
DA:112,2
DA:113,2
DA:114,2
DA:116,2
DA:119,1
DA:120,35
DA:121,35
DA:123,1
DA:124,7
DA:125,7
DA:126,21
DA:127,12
DA:129,21
DA:130,21
DA:135,7
DA:137,1
DA:138,3
DA:139,3
DA:140,7
DA:141,7
DA:142,7
DA:146,3
DA:148,1
LF:84
LH:84
BRDA:17,0,0,3
BRDA:17,0,1,2
BRDA:18,1,0,2
BRDA:18,1,1,3
BRDA:19,2,0,1
BRDA:19,2,1,4
BRDA:19,3,0,5
BRDA:19,3,1,3
BRDA:24,4,0,4
BRDA:24,4,1,1
BRDA:59,5,0,4
BRDA:59,5,1,0
BRDA:69,6,0,4
BRDA:69,6,1,4
BRDA:89,7,0,2
BRDA:89,7,1,0
BRDA:93,8,0,6
BRDA:93,8,1,5
BRDA:105,9,0,2
BRDA:105,9,1,0
BRDA:108,10,0,6
BRDA:108,10,1,5
BRDA:126,11,0,12
BRDA:126,11,1,9
BRDA:130,12,0,4
BRDA:130,12,1,17
BRDA:140,13,0,7
BRDA:140,13,1,0
BRF:28
BRH:24
end_of_record
TN:
SF:D:\LABORATORIA\PRUEVAS\PROYECTO_MARKDOWN\src\mardown.js
FN:7,(anonymous_0)
FN:8,(anonymous_1)
FN:11,(anonymous_2)
FN:13,(anonymous_3)
FN:20,(anonymous_4)
FN:27,(anonymous_5)
FN:34,(anonymous_6)
FN:39,(anonymous_7)
FN:43,(anonymous_8)
FN:44,(anonymous_9)
FN:48,(anonymous_10)
FN:60,(anonymous_11)
FN:68,(anonymous_12)
FN:73,(anonymous_13)
FN:78,(anonymous_14)
FN:83,(anonymous_15)
FN:85,(anonymous_16)
FN:87,(anonymous_17)
FN:99,(anonymous_18)
FNF:19
FNH:18
FNDA:5,(anonymous_0)
FNDA:5,(anonymous_1)
FNDA:5,(anonymous_2)
FNDA:5,(anonymous_3)
FNDA:5,(anonymous_4)
FNDA:2,(anonymous_5)
FNDA:3,(anonymous_6)
FNDA:5,(anonymous_7)
FNDA:45,(anonymous_8)
FNDA:31,(anonymous_9)
FNDA:24,(anonymous_10)
FNDA:4,(anonymous_11)
FNDA:4,(anonymous_12)
FNDA:1,(anonymous_13)
FNDA:0,(anonymous_14)
FNDA:2,(anonymous_15)
FNDA:2,(anonymous_16)
FNDA:2,(anonymous_17)
FNDA:4,(anonymous_18)
DA:3,1
DA:5,1
DA:7,1
DA:8,5
DA:9,5
DA:12,5
DA:13,5
DA:14,5
DA:15,5
DA:21,5
DA:22,5
DA:23,2
DA:24,2
DA:25,0
DA:27,2
DA:28,2
DA:29,2
DA:34,3
DA:35,3
DA:40,5
DA:41,5
DA:43,5
DA:44,45
DA:45,31
DA:46,31
DA:47,31
DA:48,24
DA:49,24
DA:50,24
DA:51,24
DA:52,24
DA:53,24
DA:55,24
DA:60,5
DA:61,4
DA:62,0
DA:64,4
DA:69,4
DA:70,1
DA:72,4
DA:73,1
DA:74,1
DA:77,4
DA:78,0
DA:79,0
DA:82,4
DA:83,3
DA:84,2
DA:85,2
DA:86,2
DA:87,2
DA:88,2
DA:89,2
DA:100,4
DA:104,5
DA:106,1
LF:56
LH:52
BRDA:12,0,0,5
BRDA:12,0,1,0
BRDA:14,1,0,5
BRDA:14,1,1,0
BRDA:22,2,0,2
BRDA:22,2,1,3
BRDA:24,3,0,0
BRDA:24,3,1,2
BRDA:28,4,0,2
BRDA:28,4,1,0
BRDA:40,5,0,5
BRDA:40,5,1,0
BRDA:45,6,0,31
BRDA:45,6,1,0
BRDA:45,7,0,31
BRDA:45,7,1,7
BRDA:47,8,0,24
BRDA:47,8,1,7
BRDA:61,9,0,0
BRDA:61,9,1,4
BRDA:69,10,0,1
BRDA:69,10,1,3
BRDA:72,11,0,1
BRDA:72,11,1,3
BRDA:72,12,0,4
BRDA:72,12,1,4
BRDA:77,13,0,0
BRDA:77,13,1,4
BRDA:77,14,0,4
BRDA:77,14,1,3
BRDA:82,15,0,3
BRDA:82,15,1,1
BRDA:82,16,0,4
BRDA:82,16,1,4
BRDA:84,17,0,2
BRDA:84,17,1,0
BRDA:86,18,0,2
BRDA:86,18,1,0
BRDA:88,19,0,2
BRDA:88,19,1,0
BRDA:100,20,0,4
BRDA:100,20,1,0
BRF:42
BRH:30
end_of_record
